{"timestamp":"8/5/2025, 12:04:45 pm","apiName":"service/read-all","queryExecuted":"SELECT CITY_ID, ID, NAME, DESCRIPTION, IMAGE_URL, STATUS, CREATED_BY, CREATED_AT, UPDATED_BY, UPDATED_AT FROM SERVICES","executionTime":207,"resultCount":4,"port":52288}
{"timestamp":"8/5/2025, 1:28:30 pm","apiName":"user/register","errorMessage":"Error: Table 'u303037170_projectadmin.users' doesn't exist","queryExecuted":"INSERT INTO users (email, password) VALUES (?, ?)","executionTime":204,"resultCount":0,"port":54248}
{"timestamp":"8/5/2025, 1:29:44 pm","apiName":"user/register","errorMessage":"Error: Duplicate entry 'suresh@gmail.com' for key 'EMAIL'","queryExecuted":"INSERT INTO USERS (email, password) VALUES (?, ?)","executionTime":266,"resultCount":0,"port":54313}
{"timestamp":"8/5/2025, 1:29:55 pm","apiName":"user/register","queryExecuted":"INSERT INTO USERS (email, password) VALUES (?, ?)","executionTime":33,"resultCount":1,"port":54314}
{"timestamp":"8/5/2025, 1:30:02 pm","apiName":"user/login","queryExecuted":"SELECT * FROM USERS WHERE email = ?","executionTime":71,"resultCount":1,"port":54315}
{"timestamp":"8/5/2025, 1:30:33 pm","apiName":"user/login","queryExecuted":"SELECT * FROM USERS WHERE email = ?","executionTime":48,"resultCount":1,"port":54317}
{"timestamp":"8/5/2025, 1:32:29 pm","apiName":"user/login","queryExecuted":"SELECT * FROM USERS WHERE EMAIL = ? AND PASSWORD=?","executionTime":274,"resultCount":0,"port":54359}
{"timestamp":"8/5/2025, 2:55:43 pm","apiName":"service/create","errorMessage":"TypeError: Bind parameters must not contain undefined. To pass SQL NULL specify JS null","queryExecuted":"INSERT INTO SERVICES (CITY_ID, ID, NAME, DESCRIPTION, IMAGE_URL, STATUS, CREATED_BY, CREATED_AT) VALUES (?,?,?,?,?,?,?, NOW())","executionTime":0,"resultCount":0,"port":54982}
{"timestamp":"8/5/2025, 2:55:43 pm","apiName":"service/create","queryExecuted":"SELECT MAX(CAST(ID AS UNSIGNED)) as maxId FROM SERVICES","executionTime":110,"resultCount":1,"port":54982}
{"timestamp":"8/5/2025, 2:56:55 pm","apiName":"service/read-all","queryExecuted":"SELECT CITY_ID, ID, NAME, DESCRIPTION, IMAGE_URL, STATUS, CREATED_BY, CREATED_AT, UPDATED_BY, UPDATED_AT FROM SERVICES","executionTime":85,"resultCount":4,"port":54983}
{"timestamp":"8/5/2025, 2:58:24 pm","apiName":"service/create","queryExecuted":"SELECT MAX(CAST(ID AS UNSIGNED)) as maxId FROM SERVICES","executionTime":35,"resultCount":1,"port":54984}
{"timestamp":"8/5/2025, 2:58:24 pm","apiName":"service/create","queryExecuted":"INSERT INTO SERVICES (CITY_ID, ID, NAME, DESCRIPTION, IMAGE_URL, STATUS, CREATED_BY, CREATED_AT) VALUES (?,?,?,?,?,?,?, NOW())","executionTime":79,"resultCount":1,"port":54984}
{"timestamp":"8/5/2025, 2:58:42 pm","apiName":"service/read-all","queryExecuted":"SELECT CITY_ID, ID, NAME, DESCRIPTION, IMAGE_URL, STATUS, CREATED_BY, CREATED_AT, UPDATED_BY, UPDATED_AT FROM SERVICES","executionTime":74,"resultCount":5,"port":54985}
{"timestamp":"8/5/2025, 3:04:03 pm","apiName":"service/read-all","queryExecuted":"SELECT CITY_ID, ID, NAME, DESCRIPTION, IMAGE_URL, STATUS, CREATED_BY, CREATED_AT, UPDATED_BY, UPDATED_AT FROM SERVICES","executionTime":33,"resultCount":5,"port":54993}
{"timestamp":"8/5/2025, 3:04:16 pm","apiName":"service/read-all","queryExecuted":"SELECT CITY_ID, ID, NAME, DESCRIPTION, IMAGE_URL, STATUS, CREATED_BY, CREATED_AT, UPDATED_BY, UPDATED_AT FROM SERVICES","executionTime":31,"resultCount":5,"port":54994}
{"timestamp":"8/5/2025, 3:04:22 pm","apiName":"service/read-all","queryExecuted":"SELECT CITY_ID, ID, NAME, DESCRIPTION, IMAGE_URL, STATUS, CREATED_BY, CREATED_AT, UPDATED_BY, UPDATED_AT FROM SERVICES","executionTime":30,"resultCount":5,"port":54995}
{"timestamp":"8/5/2025, 3:04:45 pm","apiName":"service/read-all","queryExecuted":"SELECT CITY_ID, ID, NAME, DESCRIPTION, IMAGE_URL, STATUS, CREATED_BY, CREATED_AT, UPDATED_BY, UPDATED_AT FROM SERVICES","executionTime":41,"resultCount":5,"port":54996}
{"timestamp":"8/5/2025, 3:06:29 pm","apiName":"service/read-all","queryExecuted":"SELECT CITY_ID, ID, NAME, DESCRIPTION, IMAGE_URL, STATUS, CREATED_BY, CREATED_AT, UPDATED_BY, UPDATED_AT FROM SERVICES","executionTime":449,"resultCount":5,"port":55151}
{"timestamp":"8/5/2025, 3:06:56 pm","apiName":"service/read-all","queryExecuted":"SELECT CITY_ID, ID, NAME, DESCRIPTION, IMAGE_URL, STATUS, CREATED_BY, CREATED_AT, UPDATED_BY, UPDATED_AT FROM SERVICES","executionTime":38,"resultCount":5,"port":55152}
{"timestamp":"8/5/2025, 3:08:51 pm","apiName":"service/read-all","queryExecuted":"SELECT CITY_ID, ID, NAME, DESCRIPTION, IMAGE_URL, STATUS, CREATED_BY, CREATED_AT, UPDATED_BY, UPDATED_AT FROM SERVICES","executionTime":356,"resultCount":5,"port":55196}
{"timestamp":"8/5/2025, 3:13:13 pm","apiName":"service/read-all","queryExecuted":"SELECT CITY_ID, ID, NAME, DESCRIPTION, IMAGE_URL, STATUS, CREATED_BY, CREATED_AT, UPDATED_BY, UPDATED_AT FROM SERVICES","executionTime":215,"resultCount":4,"port":55265}
{"timestamp":"8/5/2025, 3:19:04 pm","apiName":"service/read-all","queryExecuted":"SELECT CITY_ID, ID, NAME, DESCRIPTION, IMAGE_URL, STATUS, CREATED_BY, CREATED_AT, UPDATED_BY, UPDATED_AT FROM SERVICES","executionTime":228,"resultCount":4,"port":55327}
{"timestamp":"8/5/2025, 3:21:22 pm","apiName":"service/read-all","queryExecuted":"SELECT CITY_ID, ID, NAME, DESCRIPTION, IMAGE_URL, STATUS, CREATED_BY, CREATED_AT, UPDATED_BY, UPDATED_AT FROM SERVICES","executionTime":281,"resultCount":4,"port":55401}
{"timestamp":"8/5/2025, 3:21:32 pm","apiName":"service/read-all","queryExecuted":"SELECT CITY_ID, ID, NAME, DESCRIPTION, IMAGE_URL, STATUS, CREATED_BY, CREATED_AT, UPDATED_BY, UPDATED_AT FROM SERVICES","executionTime":68,"resultCount":4,"port":55402}
{"timestamp":"8/5/2025, 3:22:52 pm","apiName":"service/read-all","queryExecuted":"SELECT CITY_ID, ID, NAME, DESCRIPTION, IMAGE_URL, STATUS, CREATED_BY, CREATED_AT, UPDATED_BY, UPDATED_AT FROM SERVICES","executionTime":36,"resultCount":4,"port":55403}
{"timestamp":"8/5/2025, 3:27:33 pm","apiName":"service/read-all","queryExecuted":"SELECT CITY_ID, ID, NAME, DESCRIPTION, IMAGE_URL, STATUS, CREATED_BY, CREATED_AT, UPDATED_BY, UPDATED_AT FROM SERVICES","executionTime":212,"resultCount":4,"port":55486}
{"timestamp":"8/5/2025, 3:33:00 pm","apiName":"service/read-all","queryExecuted":"SELECT CITY_ID, ID, NAME, DESCRIPTION, IMAGE_URL, STATUS, CREATED_BY, CREATED_AT, UPDATED_BY, UPDATED_AT FROM SERVICES","executionTime":36,"resultCount":4,"port":55487}
{"timestamp":"8/5/2025, 3:38:32 pm","apiName":"service/create","queryExecuted":"SELECT MAX(CAST(ID AS UNSIGNED)) as maxId FROM SERVICES","executionTime":63,"resultCount":1,"port":55488}
{"timestamp":"8/5/2025, 3:38:32 pm","apiName":"service/create","queryExecuted":"INSERT INTO SERVICES (CITY_ID, ID, NAME, DESCRIPTION, IMAGE_URL, STATUS, CREATED_BY, CREATED_AT) VALUES (?,?,?,?,?,?,?, NOW())","executionTime":309,"resultCount":1,"port":55488}
{"timestamp":"8/5/2025, 3:42:39 pm","apiName":"service/read-all","queryExecuted":"SELECT CITY_ID, ID, NAME, DESCRIPTION, IMAGE_URL, STATUS, CREATED_BY, CREATED_AT, UPDATED_BY, UPDATED_AT FROM SERVICES","executionTime":104,"resultCount":6,"port":55489}
{"timestamp":"8/5/2025, 3:43:45 pm","apiName":"service/update","errorMessage":"TypeError: Bind parameters must not contain undefined. To pass SQL NULL specify JS null","queryExecuted":"UPDATE SERVICES SET CITY_ID=?, NAME=?, DESCRIPTION=?, IMAGE_URL=?, STATUS=?, UPDATED_BY=?, UPDATED_AT=NOW() WHERE ID = ?","executionTime":64,"resultCount":0,"port":55490}
{"timestamp":"8/5/2025, 3:44:05 pm","apiName":"service/update","queryExecuted":"UPDATE SERVICES SET CITY_ID=?, NAME=?, DESCRIPTION=?, IMAGE_URL=?, STATUS=?, UPDATED_BY=?, UPDATED_AT=NOW() WHERE ID = ?","executionTime":144,"resultCount":1,"port":55491}
{"timestamp":"8/5/2025, 3:44:11 pm","apiName":"service/read-all","queryExecuted":"SELECT CITY_ID, ID, NAME, DESCRIPTION, IMAGE_URL, STATUS, CREATED_BY, CREATED_AT, UPDATED_BY, UPDATED_AT FROM SERVICES","executionTime":35,"resultCount":6,"port":55492}
{"timestamp":"8/5/2025, 3:44:40 pm","apiName":"service/read-all","queryExecuted":"SELECT CITY_ID, ID, NAME, DESCRIPTION, IMAGE_URL, STATUS, CREATED_BY, CREATED_AT, UPDATED_BY, UPDATED_AT FROM SERVICES","executionTime":56,"resultCount":6,"port":55493}
{"timestamp":"8/5/2025, 3:52:16 pm","apiName":"service/read-all","queryExecuted":"SELECT CITY_ID, ID, NAME, DESCRIPTION, IMAGE_URL, STATUS, CREATED_BY, CREATED_AT, UPDATED_BY, UPDATED_AT FROM SERVICES","executionTime":352,"resultCount":6,"port":55844}
{"timestamp":"8/5/2025, 3:52:48 pm","apiName":"service/read-all","queryExecuted":"SELECT CITY_ID, ID, NAME, DESCRIPTION, IMAGE_URL, STATUS, CREATED_BY, CREATED_AT, UPDATED_BY, UPDATED_AT FROM SERVICES","executionTime":48,"resultCount":6,"port":55845}
{"timestamp":"8/5/2025, 3:53:55 pm","apiName":"service/read-all","queryExecuted":"SELECT CITY_ID, ID, NAME, DESCRIPTION, IMAGE_URL, STATUS, CREATED_BY, CREATED_AT, UPDATED_BY, UPDATED_AT FROM SERVICES","executionTime":33,"resultCount":6,"port":55846}
{"timestamp":"8/5/2025, 4:02:10 pm","apiName":"service/read-all","queryExecuted":"SELECT CITY_ID, ID, NAME, DESCRIPTION, IMAGE_URL, STATUS, CREATED_BY, CREATED_AT, UPDATED_BY, UPDATED_AT FROM SERVICES","executionTime":249,"resultCount":6,"port":55949}
{"timestamp":"8/5/2025, 4:03:56 pm","apiName":"service/read-all","queryExecuted":"SELECT CITY_ID, ID, NAME, DESCRIPTION, IMAGE_URL, STATUS, CREATED_BY, CREATED_AT, UPDATED_BY, UPDATED_AT FROM SERVICES","executionTime":270,"resultCount":6,"port":55982}
{"timestamp":"8/5/2025, 4:05:00 pm","apiName":"service/read-all","queryExecuted":"SELECT CITY_ID, ID, NAME, DESCRIPTION, IMAGE_URL, STATUS, CREATED_BY, CREATED_AT, UPDATED_BY, UPDATED_AT FROM SERVICES","executionTime":241,"resultCount":6,"port":56009}
{"timestamp":"8/5/2025, 4:09:09 pm","apiName":"service/read-all","queryExecuted":"SELECT CITY_ID, ID, NAME, DESCRIPTION, IMAGE_URL, STATUS, CREATED_BY, CREATED_AT, UPDATED_BY, UPDATED_AT FROM SERVICES","executionTime":297,"resultCount":6,"port":56062}
{"timestamp":"8/5/2025, 4:16:20 pm","apiName":"service/read-all","queryExecuted":"SELECT CITY_ID, ID, NAME, DESCRIPTION, IMAGE_URL, STATUS, CREATED_BY, CREATED_AT, UPDATED_BY, UPDATED_AT FROM SERVICES","executionTime":337,"resultCount":6,"port":56157}
{"timestamp":"8/5/2025, 4:17:16 pm","apiName":"service/read-all","queryExecuted":"SELECT CITY_ID, ID, NAME, DESCRIPTION, IMAGE_URL, STATUS, CREATED_BY, CREATED_AT, UPDATED_BY, UPDATED_AT FROM SERVICES","executionTime":306,"resultCount":6,"port":56180}
{"timestamp":"8/5/2025, 4:17:24 pm","apiName":"service/read-all","queryExecuted":"SELECT CITY_ID, ID, NAME, DESCRIPTION, IMAGE_URL, STATUS, CREATED_BY, CREATED_AT, UPDATED_BY, UPDATED_AT FROM SERVICES","executionTime":37,"resultCount":6,"port":56181}
{"timestamp":"8/5/2025, 4:29:12 pm","apiName":"service/read","queryExecuted":" SELECT CITY_ID, NAME, DESCRIPTION, IMAGE_URL, STATUS, CREATED_BY, CREATED_AT, UPDATED_BY, UPDATED_AT FROM SERVICES WHERE ID = ?","executionTime":208,"resultCount":0,"port":56296}
{"timestamp":"8/5/2025, 4:29:27 pm","apiName":"service/read","queryExecuted":" SELECT CITY_ID, NAME, DESCRIPTION, IMAGE_URL, STATUS, CREATED_BY, CREATED_AT, UPDATED_BY, UPDATED_AT FROM SERVICES WHERE ID = ?","executionTime":30,"resultCount":1,"port":56297}
{"timestamp":"8/5/2025, 4:33:58 pm","apiName":"service/read","errorMessage":"TypeError: Bind parameters must be array if namedPlaceholders parameter is not enabled","queryExecuted":"SELECT CITY_ID, NAME, DESCRIPTION, IMAGE_URL, STATUS, CREATED_BY, CREATED_AT, UPDATED_BY, UPDATED_AT FROM SERVICES WHERE ID = ?","executionTime":151,"resultCount":0,"port":56350}
{"timestamp":"8/5/2025, 4:35:02 pm","apiName":"service/read","errorMessage":"TypeError: Bind parameters must be array if namedPlaceholders parameter is not enabled","queryExecuted":"SELECT CITY_ID, NAME, DESCRIPTION, IMAGE_URL, STATUS, CREATED_BY, CREATED_AT, UPDATED_BY, UPDATED_AT FROM SERVICES WHERE ID = ?","executionTime":144,"resultCount":0,"port":56393}
{"timestamp":"8/5/2025, 4:39:40 pm","apiName":"service/read","queryExecuted":" SELECT CITY_ID, NAME, DESCRIPTION, IMAGE_URL, STATUS, CREATED_BY, CREATED_AT, UPDATED_BY, UPDATED_AT FROM SERVICES WHERE ID = ?","executionTime":240,"resultCount":1,"port":56451}
{"timestamp":"8/5/2025, 4:40:04 pm","apiName":"service/read","queryExecuted":" SELECT ID, CITY_ID, NAME, DESCRIPTION, IMAGE_URL, STATUS, CREATED_BY, CREATED_AT, UPDATED_BY, UPDATED_AT FROM SERVICES WHERE ID = ?","executionTime":217,"resultCount":1,"port":56478}
{"timestamp":"8/5/2025, 4:40:29 pm","apiName":"service/read","queryExecuted":" SELECT CITY_ID, ID, NAME, DESCRIPTION, IMAGE_URL, STATUS, CREATED_BY, CREATED_AT, UPDATED_BY, UPDATED_AT FROM SERVICES WHERE ID = ?","executionTime":220,"resultCount":1,"port":56501}
{"timestamp":"8/5/2025, 4:42:56 pm","apiName":"user/read-all","queryExecuted":"SELECT * FROM USERS","executionTime":64,"resultCount":0,"port":56502}
{"timestamp":"8/5/2025, 4:43:14 pm","apiName":"user/read-all","queryExecuted":"SELECT * FROM USERS","executionTime":31,"resultCount":0,"port":56503}
{"timestamp":"8/5/2025, 4:43:50 pm","apiName":"user/read-all","errorMessage":"Error: Unknown column 'FIRST_NAME' in 'SELECT'","queryExecuted":"SELECT CITY_ID, USER_ID, FIRST_NAME, SUR_NAME, FATHER_NAME, GENDER, DOB, MOBILE, ALTERNATE_MOBILE, EMAIL, ROLE, ADDRESS, STATUS, IMAGE_URL, CREATED_BY, CREATED_AT,UPDATED_BY, UPDATED_AT  FROM USERS","executionTime":224,"resultCount":0,"port":56553}
{"timestamp":"8/5/2025, 4:45:44 pm","apiName":"user/read-all","errorMessage":"Error: Unknown column 'SUR_NAME' in 'SELECT'","queryExecuted":"SELECT CITY_ID, USER_ID, NAME, SUR_NAME, FATHER_NAME, GENDER, DOB, MOBILE, ALTERNATE_MOBILE, EMAIL, ROLE, ADDRESS, STATUS, IMAGE_URL, CREATED_BY, CREATED_AT,UPDATED_BY, UPDATED_AT  FROM USERS","executionTime":224,"resultCount":0,"port":56611}
{"timestamp":"8/5/2025, 5:13:49 pm","apiName":"service/read-all","queryExecuted":"SELECT CITY_ID, ID, NAME, DESCRIPTION, IMAGE_URL, STATUS, CREATED_BY, CREATED_AT, UPDATED_BY, UPDATED_AT FROM SERVICES","executionTime":123,"resultCount":6,"port":56613}
{"timestamp":"8/5/2025, 5:19:04 pm","apiName":"user/create","queryExecuted":"CALL GenerateUserId(@id)","executionTime":148,"resultCount":0,"port":56854}
{"timestamp":"8/5/2025, 5:19:05 pm","apiName":"user/create","queryExecuted":"SELECT @id as newUserId","executionTime":123,"resultCount":1,"port":56854}
{"timestamp":"8/5/2025, 5:19:05 pm","apiName":"user/create","errorMessage":"Error: Unknown column 'FIRST_NAME' in 'INSERT INTO'","queryExecuted":"INSERT INTO USERS (CITY_ID, USER_ID, FIRST_NAME, SUR_NAME, FATHER_NAME, GENDER, DOB, MOBILE, ALTERNATE_MOBILE, EMAIL, ROLE, ADDRESS, STATUS, IMAGE_URL, CREATED_BY, CREATED_AT) VALUES (?,?,?,?,?,?,?,?,?,?,?,?,?,?,?,NOW())","executionTime":33,"resultCount":0,"port":56854}
{"timestamp":"8/5/2025, 5:19:46 pm","apiName":"user/create","queryExecuted":"CALL GenerateUserId(@id)","executionTime":188,"resultCount":0,"port":56891}
{"timestamp":"8/5/2025, 5:19:46 pm","apiName":"user/create","queryExecuted":"SELECT @id as newUserId","executionTime":165,"resultCount":1,"port":56891}
{"timestamp":"8/5/2025, 5:19:46 pm","apiName":"user/create","errorMessage":"Error: Unknown column 'SUR_NAME' in 'INSERT INTO'","queryExecuted":"INSERT INTO USERS (CITY_ID, USER_ID, NAME, SUR_NAME, FATHER_NAME, GENDER, DOB, MOBILE, ALTERNATE_MOBILE, EMAIL, ROLE, ADDRESS, STATUS, IMAGE_URL, CREATED_BY, CREATED_AT) VALUES (?,?,?,?,?,?,?,?,?,?,?,?,?,?,?,NOW())","executionTime":95,"resultCount":0,"port":56891}
{"timestamp":"8/5/2025, 5:20:24 pm","apiName":"user/create","queryExecuted":"CALL GenerateUserId(@id)","executionTime":118,"resultCount":0,"port":56920}
{"timestamp":"8/5/2025, 5:20:24 pm","apiName":"user/create","queryExecuted":"SELECT @id as newUserId","executionTime":91,"resultCount":1,"port":56920}
{"timestamp":"8/5/2025, 5:20:24 pm","apiName":"user/create","errorMessage":"Error: Unknown column 'MOBILE' in 'INSERT INTO'","queryExecuted":"INSERT INTO USERS (CITY_ID, USER_ID, NAME, SURNAME, FATHER_NAME, GENDER, DOB, MOBILE, ALTERNATE_MOBILE, EMAIL, ROLE, ADDRESS, STATUS, IMAGE_URL, CREATED_BY, CREATED_AT) VALUES (?,?,?,?,?,?,?,?,?,?,?,?,?,?,?,NOW())","executionTime":33,"resultCount":0,"port":56920}
{"timestamp":"8/5/2025, 5:21:03 pm","apiName":"user/create","queryExecuted":"CALL GenerateUserId(@id)","executionTime":97,"resultCount":0,"port":56943}
{"timestamp":"8/5/2025, 5:21:03 pm","apiName":"user/create","queryExecuted":"SELECT @id as newUserId","executionTime":80,"resultCount":1,"port":56943}
{"timestamp":"8/5/2025, 5:21:03 pm","apiName":"user/create","errorMessage":"Error: Unknown column 'ALTERNATE_MOBILE' in 'INSERT INTO'","queryExecuted":"INSERT INTO USERS (CITY_ID, USER_ID, NAME, SURNAME, FATHER_NAME, GENDER, DOB, MOBILE_NUMBER, ALTERNATE_MOBILE, EMAIL, ROLE, ADDRESS, STATUS, IMAGE_URL, CREATED_BY, CREATED_AT) VALUES (?,?,?,?,?,?,?,?,?,?,?,?,?,?,?,NOW())","executionTime":60,"resultCount":0,"port":56943}
{"timestamp":"8/5/2025, 5:22:22 pm","apiName":"user/create","queryExecuted":"CALL GenerateUserId(@id)","executionTime":100,"resultCount":0,"port":56975}
{"timestamp":"8/5/2025, 5:22:23 pm","apiName":"user/create","queryExecuted":"SELECT @id as newUserId","executionTime":67,"resultCount":1,"port":56975}
{"timestamp":"8/5/2025, 5:22:23 pm","apiName":"user/create","queryExecuted":"INSERT INTO USERS (CITY_ID, USER_ID, NAME, SURNAME, FATHER_NAME, GENDER, DOB, MOBILE_NUMBER, ALTERNATE_NUMBER, EMAIL, ROLE, ADDRESS, STATUS, IMAGE_URL, CREATED_BY, CREATED_AT) VALUES (?,?,?,?,?,?,?,?,?,?,?,?,?,?,?,NOW())","executionTime":62,"resultCount":1,"port":56975}
{"timestamp":"8/5/2025, 5:22:51 pm","apiName":"user/create","queryExecuted":"CALL GenerateUserId(@id)","executionTime":38,"resultCount":1,"port":56976}
{"timestamp":"8/5/2025, 5:22:51 pm","apiName":"user/create","queryExecuted":"SELECT @id as newUserId","executionTime":43,"resultCount":1,"port":56976}
{"timestamp":"8/5/2025, 5:22:51 pm","apiName":"user/create","errorMessage":"Error: Duplicate entry '8796548765' for key 'MOBILE_NUMBER'","queryExecuted":"INSERT INTO USERS (CITY_ID, USER_ID, NAME, SURNAME, FATHER_NAME, GENDER, DOB, MOBILE_NUMBER, ALTERNATE_NUMBER, EMAIL, ROLE, ADDRESS, STATUS, IMAGE_URL, CREATED_BY, CREATED_AT) VALUES (?,?,?,?,?,?,?,?,?,?,?,?,?,?,?,NOW())","executionTime":41,"resultCount":0,"port":56976}
{"timestamp":"8/5/2025, 5:23:05 pm","apiName":"user/create","queryExecuted":"CALL GenerateUserId(@id)","executionTime":40,"resultCount":1,"port":56977}
{"timestamp":"8/5/2025, 5:23:05 pm","apiName":"user/create","queryExecuted":"SELECT @id as newUserId","executionTime":36,"resultCount":1,"port":56977}
{"timestamp":"8/5/2025, 5:23:05 pm","apiName":"user/create","queryExecuted":"INSERT INTO USERS (CITY_ID, USER_ID, NAME, SURNAME, FATHER_NAME, GENDER, DOB, MOBILE_NUMBER, ALTERNATE_NUMBER, EMAIL, ROLE, ADDRESS, STATUS, IMAGE_URL, CREATED_BY, CREATED_AT) VALUES (?,?,?,?,?,?,?,?,?,?,?,?,?,?,?,NOW())","executionTime":65,"resultCount":1,"port":56977}
{"timestamp":"8/5/2025, 5:23:19 pm","apiName":"user/read-all","queryExecuted":"SELECT CITY_ID, USER_ID, NAME, SURNAME, FATHER_NAME, GENDER, DOB, MOBILE_NUMBER, ALTERNATE_NUMBER, EMAIL, ROLE, ADDRESS, STATUS, IMAGE_URL, CREATED_BY, CREATED_AT, UPDATED_BY, UPDATED_AT FROM USERS","executionTime":60,"resultCount":2,"port":56978}
{"timestamp":"8/5/2025, 5:23:26 pm","apiName":"user/read","errorMessage":"TypeError: Bind parameters must be array if namedPlaceholders parameter is not enabled","queryExecuted":"SELECT CITY_ID, USER_ID, NAME, SURNAME, FATHER_NAME, GENDER, DOB, MOBILE_NUMBER, ALTERNATE_NUMBER, EMAIL, ROLE, ADDRESS, STATUS, IMAGE_URL, CREATED_BY, CREATED_AT, UPDATED_BY, UPDATED_AT FROM USERS WHERE USER_ID = ?","executionTime":1,"resultCount":0,"port":56979}
{"timestamp":"8/5/2025, 5:24:19 pm","apiName":"user/read","errorMessage":"TypeError: Bind parameters must be array if namedPlaceholders parameter is not enabled","queryExecuted":"SELECT CITY_ID, USER_ID, NAME, SURNAME, FATHER_NAME, GENDER, DOB, MOBILE_NUMBER, ALTERNATE_NUMBER, EMAIL, ROLE, ADDRESS, STATUS, IMAGE_URL, CREATED_BY, CREATED_AT, UPDATED_BY, UPDATED_AT FROM USERS WHERE USER_ID = ?","executionTime":0,"resultCount":0,"port":56980}
{"timestamp":"8/5/2025, 5:24:59 pm","apiName":"user/read","errorMessage":"TypeError: Bind parameters must be array if namedPlaceholders parameter is not enabled","queryExecuted":"SELECT CITY_ID, USER_ID, NAME, SURNAME, FATHER_NAME, GENDER, DOB, MOBILE_NUMBER, ALTERNATE_NUMBER, EMAIL, ROLE, ADDRESS, STATUS, IMAGE_URL, CREATED_BY, CREATED_AT, UPDATED_BY, UPDATED_AT FROM USERS WHERE USER_ID = ?","executionTime":0,"resultCount":0,"port":56981}
{"timestamp":"8/5/2025, 5:25:45 pm","apiName":"user/read-all","queryExecuted":"SELECT CITY_ID, USER_ID, NAME, SURNAME, FATHER_NAME, GENDER, DOB, MOBILE_NUMBER, ALTERNATE_NUMBER, EMAIL, ROLE, ADDRESS, STATUS, IMAGE_URL, CREATED_BY, CREATED_AT, UPDATED_BY, UPDATED_AT FROM USERS","executionTime":32,"resultCount":2,"port":56982}
{"timestamp":"8/5/2025, 5:26:00 pm","apiName":"user/read","errorMessage":"TypeError: Bind parameters must be array if namedPlaceholders parameter is not enabled","queryExecuted":"SELECT CITY_ID, USER_ID, NAME, SURNAME, FATHER_NAME, GENDER, DOB, MOBILE_NUMBER, ALTERNATE_NUMBER, EMAIL, ROLE, ADDRESS, STATUS, IMAGE_URL, CREATED_BY, CREATED_AT, UPDATED_BY, UPDATED_AT FROM USERS WHERE USER_ID = ?","executionTime":1,"resultCount":0,"port":56983}
{"timestamp":"8/5/2025, 5:26:27 pm","apiName":"user/read","queryExecuted":"SELECT CITY_ID, USER_ID, NAME, SURNAME, FATHER_NAME, GENDER, DOB, MOBILE_NUMBER, ALTERNATE_NUMBER, EMAIL, ROLE, ADDRESS, STATUS, IMAGE_URL, CREATED_BY, CREATED_AT, UPDATED_BY, UPDATED_AT FROM USERS WHERE USER_ID = ?","executionTime":232,"resultCount":1,"port":57070}
{"timestamp":"8/5/2025, 5:27:26 pm","apiName":"user/update","errorMessage":"TypeError: Bind parameters must not contain undefined. To pass SQL NULL specify JS null","queryExecuted":"UPDATE USERS CITY_ID=?, NAME=?, SURNAME=?, FATHER_NAME=?, GENDER=?, DOB=?, MOBILE_NUMBER=?, ALTERNATE_NUMBER=?, EMAIL=?, ROLE=?, ADDRESS=?, STATUS=?, IMAGE_URL=?, UPDATED_BY=?, UPDATED_AT=NOW() WHERE USER_ID = ?","executionTime":59,"resultCount":0,"port":57072}
{"timestamp":"8/5/2025, 5:28:20 pm","apiName":"user/update","errorMessage":"Error: You have an error in your SQL syntax; check the manual that corresponds to your MariaDB server version for the right syntax to use near '=?, NAME=?, SURNAME=?, FATHER_NAME=?, GENDER=?, DOB=?, MOBILE_NUMBER=?, ALTER...' at line 1","queryExecuted":"UPDATE USERS CITY_ID=?, NAME=?, SURNAME=?, FATHER_NAME=?, GENDER=?, DOB=?, MOBILE_NUMBER=?, ALTERNATE_NUMBER=?, EMAIL=?, ROLE=?, ADDRESS=?, STATUS=?, IMAGE_URL=?, UPDATED_BY=?, UPDATED_AT=NOW() WHERE USER_ID = ?","executionTime":332,"resultCount":0,"port":57106}
{"timestamp":"8/5/2025, 5:32:56 pm","apiName":"user/update","errorMessage":"Error: Duplicate entry '8796548766' for key 'MOBILE_NUMBER'","queryExecuted":" UPDATE USERS SET CITY_ID = ?, NAME = ?, SURNAME = ?, FATHER_NAME = ?, GENDER = ?, DOB = ?, MOBILE_NUMBER = ?, ALTERNATE_NUMBER = ?, EMAIL = ?, ROLE = ?, ADDRESS = ?, STATUS = ?, IMAGE_URL = ?, UPDATED_BY = ?, UPDATED_AT = NOW() WHERE USER_ID = ?","executionTime":338,"resultCount":0,"port":57162}
{"timestamp":"8/5/2025, 5:33:11 pm","apiName":"user/update","queryExecuted":" UPDATE USERS SET CITY_ID = ?, NAME = ?, SURNAME = ?, FATHER_NAME = ?, GENDER = ?, DOB = ?, MOBILE_NUMBER = ?, ALTERNATE_NUMBER = ?, EMAIL = ?, ROLE = ?, ADDRESS = ?, STATUS = ?, IMAGE_URL = ?, UPDATED_BY = ?, UPDATED_AT = NOW() WHERE USER_ID = ?","executionTime":134,"resultCount":1,"port":57163}
{"timestamp":"8/5/2025, 5:33:22 pm","apiName":"user/read","queryExecuted":"SELECT CITY_ID, USER_ID, NAME, SURNAME, FATHER_NAME, GENDER, DOB, MOBILE_NUMBER, ALTERNATE_NUMBER, EMAIL, ROLE, ADDRESS, STATUS, IMAGE_URL, CREATED_BY, CREATED_AT, UPDATED_BY, UPDATED_AT FROM USERS WHERE USER_ID = ?","executionTime":69,"resultCount":1,"port":57164}
{"timestamp":"8/5/2025, 5:33:28 pm","apiName":"user/read-all","queryExecuted":"SELECT CITY_ID, USER_ID, NAME, SURNAME, FATHER_NAME, GENDER, DOB, MOBILE_NUMBER, ALTERNATE_NUMBER, EMAIL, ROLE, ADDRESS, STATUS, IMAGE_URL, CREATED_BY, CREATED_AT, UPDATED_BY, UPDATED_AT FROM USERS","executionTime":79,"resultCount":2,"port":57165}
